#
# There is insufficient memory for the Java Runtime Environment to continue.
# Native memory allocation (mmap) failed to map 268435456 bytes for Failed to commit area from 0x0000000701400000 to 0x0000000711400000 of length 268435456.
# Possible reasons:
#   The system is out of physical RAM or swap space
#   The process is running with CompressedOops enabled, and the Java Heap may be blocking the growth of the native heap
# Possible solutions:
#   Reduce memory load on the system
#   Increase physical memory or swap space
#   Check if swap backing store is full
#   Decrease Java heap size (-Xmx/-Xms)
#   Decrease number of Java threads
#   Decrease Java thread stack sizes (-Xss)
#   Set larger code cache with -XX:ReservedCodeCacheSize=
# This output file may be truncated or incomplete.
#
#  Out of Memory Error (c:/BuildAgent/work/5ff2f6c26000d570/src/hotspot/os/windows/os_windows.cpp:3291), pid=20792, tid=20472
#
# JRE version:  (11.0.5+10) (build )
# Java VM: OpenJDK 64-Bit Server VM (11.0.5+10-b520.38, mixed mode, aot, sharing, tiered, compressed oops, g1 gc, windows-amd64)
# No core dump will be written. Minidumps are not enabled by default on client versions of Windows
#

---------------  S U M M A R Y ------------

Command Line: org.jetbrains.git4idea.http.GitAskPassApp Username for 'https://github.com': 

Host: Intel(R) Core(TM) i7-8700 CPU @ 3.20GHz, 12 cores, 15G,  Windows 10 , 64 bit Build 17763 (10.0.17763.1158)
Time: Wed May 13 18:22:21 2020 Pacific Daylight Time elapsed time: 0 seconds (0d 0h 0m 0s)

---------------  T H R E A D  ---------------

Current thread (0x000001f516bed000):  JavaThread "Unknown thread" [_thread_in_vm, id=20472, stack(0x000000c43fb00000,0x000000c43fc00000)]

Stack: [0x000000c43fb00000,0x000000c43fc00000]
Native frames: (J=compiled Java code, j=interpreted, Vv=VM code, C=native code)
V  [jvm.dll+0x5dcafa]
V  [jvm.dll+0x70e375]
V  [jvm.dll+0x70f898]
V  [jvm.dll+0x70ff63]
V  [jvm.dll+0x23e238]
V  [jvm.dll+0x5da1c4]
V  [jvm.dll+0x5cf265]
V  [jvm.dll+0x2fac3b]
V  [jvm.dll+0x2fabaa]
V  [jvm.dll+0x2faa82]
V  [jvm.dll+0x2ff956]
V  [jvm.dll+0x3480d3]
V  [jvm.dll+0x3487d6]
V  [jvm.dll+0x3481d3]
V  [jvm.dll+0x2d5548]
V  [jvm.dll+0x2d66e7]
V  [jvm.dll+0x6ed237]
V  [jvm.dll+0x6eea2c]
V  [jvm.dll+0x355849]
V  [jvm.dll+0x6d239e]
V  [jvm.dll+0x3be283]
V  [jvm.dll+0x3c0701]
C  [jli.dll+0x5363]
C  [ucrtbase.dll+0x21ffa]
C  [KERNEL32.DLL+0x17974]
C  [ntdll.dll+0x6a271]


---------------  P R O C E S S  ---------------

Threads class SMR info:
_java_thread_list=0x000001f5169a8cc0, length=0, elements={
}

Java Threads: ( => current thread )

Other Threads:
  0x000001f516c05000 GCTaskThread "GC Thread#0" [stack: 0x000000c43fc00000,0x000000c43fd00000] [id=17888]
  0x000001f516c63800 ConcurrentGCThread "G1 Main Marker" [stack: 0x000000c43fd00000,0x000000c43fe00000] [id=19992]
  0x000001f516c65000 ConcurrentGCThread "G1 Conc#0" [stack: 0x000000c43fe00000,0x000000c43ff00000] [id=20844]

[error occurred during error reporting (printing all threads), id 0xc0000005, EXCEPTION_ACCESS_VIOLATION (0xc0000005) at pc=0x00007ffb3a7f5c17]

VM state:not at safepoint (not fully initialized)

VM Mutex/Monitor currently owned by a thread:  ([mutex/lock_event])
[0x000001f516beac20] Heap_lock - owner thread: 0x000001f516bed000

Heap address: 0x0000000701400000, size: 4076 MB, Compressed Oops mode: Non-zero based: 0x0000000701400000
Narrow klass base: 0x0000000000000000, Narrow klass shift: 0

GC Heap History (0 events):
No events

Deoptimization events (0 events):
No events

Classes redefined (0 events):
No events

Internal exceptions (0 events):
No events

Events (0 events):
No events


Dynamic libraries:
0x00007ff7c7d70000 - 0x00007ff7c7d7a000 	C:\Program Files\JetBrains\WebStorm 2019.3.3\jbr\bin\java.exe
0x00007ffb83a00000 - 0x00007ffb83bed000 	C:\WINDOWS\SYSTEM32\ntdll.dll
0x00007ffb81dd0000 - 0x00007ffb81e83000 	C:\WINDOWS\System32\KERNEL32.DLL
0x00007ffb7fd60000 - 0x00007ffb7fff5000 	C:\WINDOWS\System32\KERNELBASE.dll
0x00007ffb7fc60000 - 0x00007ffb7fd5a000 	C:\WINDOWS\System32\ucrtbase.dll
0x00007ffb6fa40000 - 0x00007ffb6fa57000 	C:\Program Files\JetBrains\WebStorm 2019.3.3\jbr\bin\VCRUNTIME140.dll
0x00007ffb6ccc0000 - 0x00007ffb6ccd9000 	C:\Program Files\JetBrains\WebStorm 2019.3.3\jbr\bin\jli.dll
0x00007ffb82290000 - 0x00007ffb82427000 	C:\WINDOWS\System32\USER32.dll
0x00007ffb80b00000 - 0x00007ffb80b20000 	C:\WINDOWS\System32\win32u.dll
0x00007ffb82170000 - 0x00007ffb82199000 	C:\WINDOWS\System32\GDI32.dll
0x00007ffb70b70000 - 0x00007ffb70de9000 	C:\WINDOWS\WinSxS\amd64_microsoft.windows.common-controls_6595b64144ccf1df_6.0.17763.1158_none_de722d88534a897f\COMCTL32.dll
0x00007ffb7fac0000 - 0x00007ffb7fc59000 	C:\WINDOWS\System32\gdi32full.dll
0x00007ffb83930000 - 0x00007ffb839ce000 	C:\WINDOWS\System32\msvcrt.dll
0x00007ffb80860000 - 0x00007ffb80900000 	C:\WINDOWS\System32\msvcp_win.dll
0x00007ffb80f40000 - 0x00007ffb8126c000 	C:\WINDOWS\System32\combase.dll
0x00007ffb81690000 - 0x00007ffb817b2000 	C:\WINDOWS\System32\RPCRT4.dll
0x00007ffb807e0000 - 0x00007ffb8085e000 	C:\WINDOWS\System32\bcryptPrimitives.dll
0x00007ffb81660000 - 0x00007ffb8168e000 	C:\WINDOWS\System32\IMM32.DLL
0x00007ffb6a890000 - 0x00007ffb6a92d000 	C:\Program Files\JetBrains\WebStorm 2019.3.3\jbr\bin\msvcp140.dll
0x00007ffb3a510000 - 0x00007ffb3afcb000 	C:\Program Files\JetBrains\WebStorm 2019.3.3\jbr\bin\server\jvm.dll
0x00007ffb81c50000 - 0x00007ffb81cf3000 	C:\WINDOWS\System32\ADVAPI32.dll
0x00007ffb80c20000 - 0x00007ffb80cbe000 	C:\WINDOWS\System32\sechost.dll
0x00007ffb821a0000 - 0x00007ffb821a8000 	C:\WINDOWS\System32\PSAPI.DLL
0x00007ffb7c570000 - 0x00007ffb7c579000 	C:\WINDOWS\SYSTEM32\WSOCK32.dll
0x00007ffb7dc60000 - 0x00007ffb7dc84000 	C:\WINDOWS\SYSTEM32\WINMM.dll
0x00007ffb7a160000 - 0x00007ffb7a16a000 	C:\WINDOWS\SYSTEM32\VERSION.dll
0x00007ffb81d60000 - 0x00007ffb81dcd000 	C:\WINDOWS\System32\WS2_32.dll
0x00007ffb7dbc0000 - 0x00007ffb7dbed000 	C:\WINDOWS\SYSTEM32\winmmbase.dll
0x00007ffb80b20000 - 0x00007ffb80b6a000 	C:\WINDOWS\System32\cfgmgr32.dll
0x00007ffb7fa40000 - 0x00007ffb7fa51000 	C:\WINDOWS\System32\kernel.appcore.dll
0x00007ffb73fc0000 - 0x00007ffb73fd1000 	C:\Program Files\JetBrains\WebStorm 2019.3.3\jbr\bin\verify.dll
0x00007ffb71d00000 - 0x00007ffb71eed000 	C:\WINDOWS\SYSTEM32\DBGHELP.DLL
0x00007ffb71cb0000 - 0x00007ffb71cda000 	C:\WINDOWS\SYSTEM32\dbgcore.DLL
0x00007ffb6d860000 - 0x00007ffb6d889000 	C:\Program Files\JetBrains\WebStorm 2019.3.3\jbr\bin\java.dll
0x00007ffb6f790000 - 0x00007ffb6f7a7000 	C:\Program Files\JetBrains\WebStorm 2019.3.3\jbr\bin\zip.dll
0x00007ffb7c4d0000 - 0x00007ffb7c4db000 	C:\Program Files\JetBrains\WebStorm 2019.3.3\jbr\bin\jimage.dll

dbghelp: loaded successfully - version: 4.0.5 - missing functions: none
symbol engine: initialized successfully - sym options: 0x614 - pdb path: .;C:\Program Files\JetBrains\WebStorm 2019.3.3\jbr\bin;C:\WINDOWS\SYSTEM32;C:\WINDOWS\WinSxS\amd64_microsoft.windows.common-controls_6595b64144ccf1df_6.0.17763.1158_none_de722d88534a897f;C:\Program Files\JetBrains\WebStorm 2019.3.3\jbr\bin\server

VM Arguments:
java_command: org.jetbrains.git4idea.http.GitAskPassApp Username for 'https://github.com': 
java_class_path (initial): C:/Program Files/JetBrains/WebStorm 2019.3.3/plugins/git4idea/lib/git4idea-rt.jar;C:/Program Files/JetBrains/WebStorm 2019.3.3/lib/xmlrpc-2.0.1.jar;C:/Program Files/JetBrains/WebStorm 2019.3.3/lib/commons-codec-1.13.jar;C:/Program Files/JetBrains/WebStorm 2019.3.3/lib/util.jar
Launcher Type: SUN_STANDARD

[Global flags]
     intx CICompilerCount                          = 4                                         {product} {ergonomic}
     uint ConcGCThreads                            = 3                                         {product} {ergonomic}
     uint G1ConcRefinementThreads                  = 10                                        {product} {ergonomic}
   size_t G1HeapRegionSize                         = 1048576                                   {product} {ergonomic}
    uintx GCDrainStackTargetSize                   = 64                                        {product} {ergonomic}
   size_t InitialHeapSize                          = 268435456                                 {product} {ergonomic}
   size_t MarkStackSize                            = 4194304                                   {product} {ergonomic}
   size_t MaxHeapSize                              = 4273995776                                {product} {ergonomic}
   size_t MinHeapDeltaBytes                        = 1048576                                   {product} {ergonomic}
    uintx NonNMethodCodeHeapSize                   = 5836300                                {pd product} {ergonomic}
    uintx NonProfiledCodeHeapSize                  = 122910970                              {pd product} {ergonomic}
    uintx ProfiledCodeHeapSize                     = 122910970                              {pd product} {ergonomic}
    uintx ReservedCodeCacheSize                    = 251658240                              {pd product} {ergonomic}
     bool SegmentedCodeCache                       = true                                      {product} {ergonomic}
     bool UseCompressedClassPointers               = true                                 {lp64_product} {ergonomic}
     bool UseCompressedOops                        = true                                 {lp64_product} {ergonomic}
     bool UseG1GC                                  = true                                      {product} {ergonomic}
     bool UseLargePagesIndividualAllocation        = false                                  {pd product} {ergonomic}

Logging:
Log output configuration:
 #0: stdout all=warning uptime,level,tags
 #1: stderr all=off uptime,level,tags

Environment Variables:
PATH=C:\Program Files\Git\mingw64\libexec\git-core;C:\Program Files\Git\mingw64\libexec\git-core;C:\Program Files\Git\mingw64\bin;C:\Program Files\Git\usr\bin;C:\Users\Berby\bin;C:\Python38\Scripts;C:\Python38;C:\Program Files (x86)\Razer\ChromaBroadcast\bin;C:\Program Files\Razer\ChromaBroadcast\bin;C:\Program Files (x86)\Razer Chroma SDK\bin;C:\Program Files\Razer Chroma SDK\bin;C:\Program Files (x86)\Common Files\Oracle\Java\javapath;C:\Program Files (x86)\Intel\Intel(R) Management Engine Components\iCLS;C:\Program Files\Intel\Intel(R) Management Engine Components\iCLS;C:\Windows\system32;C:\Windows;C:\Windows\System32\Wbem;C:\Windows\System32\WindowsPowerShell\v1.0;C:\Windows\System32\OpenSSH;C:\Program Files (x86)\Intel\Intel(R) Management Engine Components\DAL;C:\Program Files\Intel\Intel(R) Management Engine Components\DAL;C:\Program Files (x86)\Intel\Intel(R) Management Engine Components\IPT;C:\Program Files\Intel\Intel(R) Management Engine Components\IPT;C:\Program Files (x86)\NVIDIA Corporation\PhysX\Common;C:\Program Files\Intel\WiFi\bin;C:\Program Files\Common Files\Intel\WirelessCommon;C:\WINDOWS\system32;C:\WINDOWS;C:\WINDOWS\System32\Wbem;C:\WINDOWS\System32\WindowsPowerShell\v1.0;C:\WINDOWS\System32\OpenSSH;C:\Program Files\Git\cmd;C:\Program Files\NVIDIA Corporation\NVIDIA NvDLISR;C:\Program Files (x86)\QuickTime\QTSystem;D:\Python\Scripts;D:\Python;C:\Users\Berby\AppData\Local\Microsoft\WindowsApps;C:\Program Files\JetBrains\WebStorm 2019.3.3\bin;D:\Microsoft VS Code\bin;D:\node;C:\ProgramData\chocolatey\bin;D:\Python\Scripts;D:\Python;C:\Users\Berby\AppData\Local\Microsoft\WindowsApps;C:\Program Files\JetBrains\WebStorm 2019.3.3\bin;D:\Microsoft VS Code\bin;C:\Users\Berby\AppData\Roaming\npm
USERNAME=Berby
DISPLAY=:0.0
OS=Windows_NT
PROCESSOR_IDENTIFIER=Intel64 Family 6 Model 158 Stepping 10, GenuineIntel



---------------  S Y S T E M  ---------------

OS: Windows 10 , 64 bit Build 17763 (10.0.17763.1158)

CPU:total 12 (initial active 12) (6 cores per cpu, 2 threads per core) family 6 model 158 stepping 10, cmov, cx8, fxsr, mmx, sse, sse2, sse3, ssse3, sse4.1, sse4.2, popcnt, avx, avx2, aes, clmul, erms, rtm, 3dnowpref, lzcnt, ht, tsc, tscinvbit, bmi1, bmi2, adx, fma

Memory: 4k page, system-wide physical 16297M (3252M free)
TotalPageFile size 26346M (AvailPageFile size 159M)
current process WorkingSet (physical memory assigned to process): 10M, peak: 10M
current process commit charge ("private bytes"): 64M, peak: 320M

vm_info: OpenJDK 64-Bit Server VM (11.0.5+10-b520.38) for windows-amd64 JRE (11.0.5+10-b520.38), built on Jan 23 2020 07:58:32 by "" with MS VC++ 14.0 (VS2015)

END.
